<?xml version="1.0" encoding="UTF-8"?>
<testsuite name="DateMakerKtTest" tests="6" skipped="0" failures="0" errors="0" timestamp="2020-04-06T10:21:56" hostname="Emanuels-MacBook-Air.local" time="0.161">
  <properties/>
  <testcase name="periodToDate_Test" classname="DateMakerKtTest" time="0.081"/>
  <testcase name="firstDateOfTheActualYear_Test" classname="DateMakerKtTest" time="0.023"/>
  <testcase name="stringToDate_Test_FAIL" classname="DateMakerKtTest" time="0.004"/>
  <testcase name="stringToDate_Test_PASS" classname="DateMakerKtTest" time="0.006"/>
  <testcase name="makeRandomDateWithinRange_Test" classname="DateMakerKtTest" time="0.022"/>
  <testcase name="lastDateOfTheActualYear_Test" classname="DateMakerKtTest" time="0.001"/>
  <system-out><![CDATA[DFP: Tue Oct 01 00:00:00 CEST 2019
Generated date: Tue Feb 26 09:57:07 CET 2019
]]></system-out>
  <system-err><![CDATA[]]></system-err>
</testsuite>
