<?xml version="1.0" encoding="UTF-8"?>
<testsuite name="DateMakerKtTest" tests="6" skipped="0" failures="0" errors="0" timestamp="2020-03-31T12:56:06" hostname="Emanuels-MacBook-Air.local" time="0.093">
  <properties/>
  <testcase name="periodToDate_Test" classname="DateMakerKtTest" time="0.06"/>
  <testcase name="firstDateOfTheActualYear_Test" classname="DateMakerKtTest" time="0.003"/>
  <testcase name="stringToDate_Test_FAIL" classname="DateMakerKtTest" time="0.003"/>
  <testcase name="stringToDate_Test_PASS" classname="DateMakerKtTest" time="0.007"/>
  <testcase name="makeRandomDateWithinRange_Test" classname="DateMakerKtTest" time="0.018"/>
  <testcase name="lastDateOfTheActualYear_Test" classname="DateMakerKtTest" time="0.001"/>
  <system-out><![CDATA[DFP: Tue Oct 01 00:00:00 CEST 2019
Generated date: Sat Mar 02 16:46:12 CET 2019
]]></system-out>
  <system-err><![CDATA[]]></system-err>
</testsuite>
