<?xml version="1.0" encoding="UTF-8"?>
<testsuite name="DateMakerKtTest" tests="1" skipped="0" failures="0" errors="0" timestamp="2020-04-06T11:07:39" hostname="Emanuels-MacBook-Air.local" time="0.07">
  <properties/>
  <testcase name="stringToDate_Test_PASS" classname="DateMakerKtTest" time="0.07"/>
  <system-out><![CDATA[OUTPUT-TIME: 896918400000
]]></system-out>
  <system-err><![CDATA[]]></system-err>
</testsuite>
